
*** Running vivado
    with args -log gcd_test.vds -m64 -product Vivado -mode batch -messageDb vivado.pb -notrace -source gcd_test.tcl


****** Vivado v2018.2 (64-bit)
  **** SW Build 2258646 on Thu Jun 14 20:02:38 MDT 2018
  **** IP Build 2256618 on Thu Jun 14 22:10:49 MDT 2018
    ** Copyright 1986-2018 Xilinx, Inc. All Rights Reserved.

source gcd_test.tcl -notrace
Command: synth_design -top gcd_test -part xc7z020clg400-1
Starting synth_design
Attempting to get a license for feature 'Synthesis' and/or device 'xc7z020'
INFO: [Common 17-349] Got license for feature 'Synthesis' and/or device 'xc7z020'
INFO: Launching helper process for spawning children vivado processes
INFO: Helper process launched with PID 30994 
---------------------------------------------------------------------------------
Starting RTL Elaboration : Time (s): cpu = 00:00:02 ; elapsed = 00:00:02 . Memory (MB): peak = 1319.094 ; gain = 86.773 ; free physical = 2120 ; free virtual = 13951
---------------------------------------------------------------------------------
INFO: [Synth 8-6157] synthesizing module 'gcd_test' [/home/ubuntu/work/ic/gcd/euclid/euclid.srcs/sources_1/new/gcd_test.v:23]
WARNING: [Synth 8-3848] Net DONE in module/entity gcd_test does not have driver. [/home/ubuntu/work/ic/gcd/euclid/euclid.srcs/sources_1/new/gcd_test.v:32]
INFO: [Synth 8-6155] done synthesizing module 'gcd_test' (1#1) [/home/ubuntu/work/ic/gcd/euclid/euclid.srcs/sources_1/new/gcd_test.v:23]
WARNING: [Synth 8-3331] design gcd_test has unconnected port DONE
WARNING: [Synth 8-3331] design gcd_test has unconnected port rst_n
WARNING: [Synth 8-3331] design gcd_test has unconnected port START
---------------------------------------------------------------------------------
Finished RTL Elaboration : Time (s): cpu = 00:00:02 ; elapsed = 00:00:03 . Memory (MB): peak = 1363.719 ; gain = 131.398 ; free physical = 2132 ; free virtual = 13960
---------------------------------------------------------------------------------

Report Check Netlist: 
+------+------------------+-------+---------+-------+------------------+
|      |Item              |Errors |Warnings |Status |Description       |
+------+------------------+-------+---------+-------+------------------+
|1     |multi_driven_nets |      0|        0|Passed |Multi driven nets |
+------+------------------+-------+---------+-------+------------------+
---------------------------------------------------------------------------------
Start Handling Custom Attributes
---------------------------------------------------------------------------------
---------------------------------------------------------------------------------
Finished Handling Custom Attributes : Time (s): cpu = 00:00:02 ; elapsed = 00:00:03 . Memory (MB): peak = 1363.719 ; gain = 131.398 ; free physical = 2129 ; free virtual = 13957
---------------------------------------------------------------------------------
---------------------------------------------------------------------------------
Finished RTL Optimization Phase 1 : Time (s): cpu = 00:00:02 ; elapsed = 00:00:03 . Memory (MB): peak = 1363.719 ; gain = 131.398 ; free physical = 2129 ; free virtual = 13957
---------------------------------------------------------------------------------
INFO: [Device 21-403] Loading part xc7z020clg400-1
INFO: [Project 1-570] Preparing netlist for logic optimization

Processing XDC Constraints
Initializing timing engine
Parsing XDC File [/home/ubuntu/work/ic/gcd/euclid/euclid.srcs/constrs_1/new/pin.xdc]
Finished Parsing XDC File [/home/ubuntu/work/ic/gcd/euclid/euclid.srcs/constrs_1/new/pin.xdc]
Completed Processing XDC Constraints

INFO: [Project 1-111] Unisim Transformation Summary:
No Unisim elements were transformed.

Constraint Validation Runtime : Time (s): cpu = 00:00:00 ; elapsed = 00:00:00.01 . Memory (MB): peak = 1705.773 ; gain = 0.000 ; free physical = 1853 ; free virtual = 13680
---------------------------------------------------------------------------------
Finished Constraint Validation : Time (s): cpu = 00:00:12 ; elapsed = 00:00:24 . Memory (MB): peak = 1705.773 ; gain = 473.453 ; free physical = 1934 ; free virtual = 13761
---------------------------------------------------------------------------------
---------------------------------------------------------------------------------
Start Loading Part and Timing Information
---------------------------------------------------------------------------------
Loading part: xc7z020clg400-1
---------------------------------------------------------------------------------
Finished Loading Part and Timing Information : Time (s): cpu = 00:00:12 ; elapsed = 00:00:24 . Memory (MB): peak = 1705.773 ; gain = 473.453 ; free physical = 1934 ; free virtual = 13761
---------------------------------------------------------------------------------
---------------------------------------------------------------------------------
Start Applying 'set_property' XDC Constraints
---------------------------------------------------------------------------------
---------------------------------------------------------------------------------
Finished applying 'set_property' XDC Constraints : Time (s): cpu = 00:00:12 ; elapsed = 00:00:24 . Memory (MB): peak = 1705.773 ; gain = 473.453 ; free physical = 1936 ; free virtual = 13763
---------------------------------------------------------------------------------
INFO: [Synth 8-5818] HDL ADVISOR - The operator resource <adder> is shared. To prevent sharing consider applying a KEEP on the output of the operator [/home/ubuntu/work/ic/gcd/euclid/euclid.srcs/sources_1/new/gcd_test.v:90]
INFO: [Synth 8-5545] ROM "oMuxDiv" won't be mapped to RAM because address size (32) is larger than maximum supported(25)
---------------------------------------------------------------------------------
Finished RTL Optimization Phase 2 : Time (s): cpu = 00:00:15 ; elapsed = 00:00:27 . Memory (MB): peak = 1705.773 ; gain = 473.453 ; free physical = 1916 ; free virtual = 13744
---------------------------------------------------------------------------------

Report RTL Partitions: 
+-+--------------+------------+----------+
| |RTL Partition |Replication |Instances |
+-+--------------+------------+----------+
+-+--------------+------------+----------+
---------------------------------------------------------------------------------
Start RTL Component Statistics 
---------------------------------------------------------------------------------
Detailed RTL Component Info : 
+---Adders : 
	   3 Input     32 Bit       Adders := 1     
+---Registers : 
	               32 Bit    Registers := 2     
+---Muxes : 
	   2 Input     32 Bit        Muxes := 2     
	  33 Input     32 Bit        Muxes := 1     
	  34 Input     32 Bit        Muxes := 1     
	  34 Input      6 Bit        Muxes := 1     
	  34 Input      1 Bit        Muxes := 1     
---------------------------------------------------------------------------------
Finished RTL Component Statistics 
---------------------------------------------------------------------------------
---------------------------------------------------------------------------------
Start RTL Hierarchical Component Statistics 
---------------------------------------------------------------------------------
Hierarchical RTL Component report 
Module gcd_test 
Detailed RTL Component Info : 
+---Adders : 
	   3 Input     32 Bit       Adders := 1     
+---Registers : 
	               32 Bit    Registers := 2     
+---Muxes : 
	   2 Input     32 Bit        Muxes := 2     
	  33 Input     32 Bit        Muxes := 1     
	  34 Input     32 Bit        Muxes := 1     
	  34 Input      6 Bit        Muxes := 1     
	  34 Input      1 Bit        Muxes := 1     
---------------------------------------------------------------------------------
Finished RTL Hierarchical Component Statistics
---------------------------------------------------------------------------------
---------------------------------------------------------------------------------
Start Part Resource Summary
---------------------------------------------------------------------------------
Part Resources:
DSPs: 220 (col length:60)
BRAMs: 280 (col length: RAMB18 60 RAMB36 30)
---------------------------------------------------------------------------------
Finished Part Resource Summary
---------------------------------------------------------------------------------
---------------------------------------------------------------------------------
Start Cross Boundary and Area Optimization
---------------------------------------------------------------------------------
Warning: Parallel synthesis criteria is not met 
INFO: [Synth 8-5545] ROM "oMuxDiv" won't be mapped to RAM because address size (32) is larger than maximum supported(25)
WARNING: [Synth 8-3331] design gcd_test has unconnected port DONE
WARNING: [Synth 8-3331] design gcd_test has unconnected port rst_n
WARNING: [Synth 8-3331] design gcd_test has unconnected port START
---------------------------------------------------------------------------------
Finished Cross Boundary and Area Optimization : Time (s): cpu = 00:00:27 ; elapsed = 00:00:40 . Memory (MB): peak = 1711.773 ; gain = 479.453 ; free physical = 1889 ; free virtual = 13719
---------------------------------------------------------------------------------

Report RTL Partitions: 
+-+--------------+------------+----------+
| |RTL Partition |Replication |Instances |
+-+--------------+------------+----------+
+-+--------------+------------+----------+
---------------------------------------------------------------------------------
Start Applying XDC Timing Constraints
---------------------------------------------------------------------------------
---------------------------------------------------------------------------------
Finished Applying XDC Timing Constraints : Time (s): cpu = 00:00:33 ; elapsed = 00:00:48 . Memory (MB): peak = 1711.773 ; gain = 479.453 ; free physical = 1763 ; free virtual = 13593
---------------------------------------------------------------------------------
---------------------------------------------------------------------------------
Start Timing Optimization
---------------------------------------------------------------------------------
---------------------------------------------------------------------------------
Finished Timing Optimization : Time (s): cpu = 00:00:43 ; elapsed = 00:00:58 . Memory (MB): peak = 1845.047 ; gain = 612.727 ; free physical = 1697 ; free virtual = 13532
---------------------------------------------------------------------------------

Report RTL Partitions: 
+-+--------------+------------+----------+
| |RTL Partition |Replication |Instances |
+-+--------------+------------+----------+
+-+--------------+------------+----------+
---------------------------------------------------------------------------------
Start Technology Mapping
---------------------------------------------------------------------------------
---------------------------------------------------------------------------------
Finished Technology Mapping : Time (s): cpu = 00:00:44 ; elapsed = 00:00:58 . Memory (MB): peak = 1845.047 ; gain = 612.727 ; free physical = 1691 ; free virtual = 13526
---------------------------------------------------------------------------------

Report RTL Partitions: 
+-+--------------+------------+----------+
| |RTL Partition |Replication |Instances |
+-+--------------+------------+----------+
+-+--------------+------------+----------+
---------------------------------------------------------------------------------
Start IO Insertion
---------------------------------------------------------------------------------
---------------------------------------------------------------------------------
Start Flattening Before IO Insertion
---------------------------------------------------------------------------------
---------------------------------------------------------------------------------
Finished Flattening Before IO Insertion
---------------------------------------------------------------------------------
---------------------------------------------------------------------------------
Start Final Netlist Cleanup
---------------------------------------------------------------------------------
---------------------------------------------------------------------------------
Finished Final Netlist Cleanup
---------------------------------------------------------------------------------
---------------------------------------------------------------------------------
Finished IO Insertion : Time (s): cpu = 00:00:44 ; elapsed = 00:00:59 . Memory (MB): peak = 1845.047 ; gain = 612.727 ; free physical = 1691 ; free virtual = 13526
---------------------------------------------------------------------------------
CRITICAL WARNING: [Synth 8-3352] multi-driven net OPB_IBUF[31] with 1st driver pin 'OPB_IBUF[31]_inst/O' [/home/ubuntu/work/ic/gcd/euclid/euclid.srcs/sources_1/new/gcd_test.v:23]
CRITICAL WARNING: [Synth 8-3352] multi-driven net OPB_IBUF[31] with 2nd driver pin 'oMuxMod_reg[31]/Q' [/home/ubuntu/work/ic/gcd/euclid/euclid.srcs/sources_1/new/gcd_test.v:93]
CRITICAL WARNING: [Synth 8-3352] multi-driven net OPB_IBUF[30] with 1st driver pin 'OPB_IBUF[30]_inst/O' [/home/ubuntu/work/ic/gcd/euclid/euclid.srcs/sources_1/new/gcd_test.v:23]
CRITICAL WARNING: [Synth 8-3352] multi-driven net OPB_IBUF[30] with 2nd driver pin 'oMuxMod_reg[30]/Q' [/home/ubuntu/work/ic/gcd/euclid/euclid.srcs/sources_1/new/gcd_test.v:93]
CRITICAL WARNING: [Synth 8-3352] multi-driven net OPB_IBUF[29] with 1st driver pin 'OPB_IBUF[29]_inst/O' [/home/ubuntu/work/ic/gcd/euclid/euclid.srcs/sources_1/new/gcd_test.v:23]
CRITICAL WARNING: [Synth 8-3352] multi-driven net OPB_IBUF[29] with 2nd driver pin 'oMuxMod_reg[29]/Q' [/home/ubuntu/work/ic/gcd/euclid/euclid.srcs/sources_1/new/gcd_test.v:93]
CRITICAL WARNING: [Synth 8-3352] multi-driven net OPB_IBUF[28] with 1st driver pin 'OPB_IBUF[28]_inst/O' [/home/ubuntu/work/ic/gcd/euclid/euclid.srcs/sources_1/new/gcd_test.v:23]
CRITICAL WARNING: [Synth 8-3352] multi-driven net OPB_IBUF[28] with 2nd driver pin 'oMuxMod_reg[28]/Q' [/home/ubuntu/work/ic/gcd/euclid/euclid.srcs/sources_1/new/gcd_test.v:93]
CRITICAL WARNING: [Synth 8-3352] multi-driven net OPB_IBUF[27] with 1st driver pin 'OPB_IBUF[27]_inst/O' [/home/ubuntu/work/ic/gcd/euclid/euclid.srcs/sources_1/new/gcd_test.v:23]
CRITICAL WARNING: [Synth 8-3352] multi-driven net OPB_IBUF[27] with 2nd driver pin 'oMuxMod_reg[27]/Q' [/home/ubuntu/work/ic/gcd/euclid/euclid.srcs/sources_1/new/gcd_test.v:93]
CRITICAL WARNING: [Synth 8-3352] multi-driven net OPB_IBUF[26] with 1st driver pin 'OPB_IBUF[26]_inst/O' [/home/ubuntu/work/ic/gcd/euclid/euclid.srcs/sources_1/new/gcd_test.v:23]
CRITICAL WARNING: [Synth 8-3352] multi-driven net OPB_IBUF[26] with 2nd driver pin 'oMuxMod_reg[26]/Q' [/home/ubuntu/work/ic/gcd/euclid/euclid.srcs/sources_1/new/gcd_test.v:93]
CRITICAL WARNING: [Synth 8-3352] multi-driven net OPB_IBUF[25] with 1st driver pin 'OPB_IBUF[25]_inst/O' [/home/ubuntu/work/ic/gcd/euclid/euclid.srcs/sources_1/new/gcd_test.v:23]
CRITICAL WARNING: [Synth 8-3352] multi-driven net OPB_IBUF[25] with 2nd driver pin 'oMuxMod_reg[25]/Q' [/home/ubuntu/work/ic/gcd/euclid/euclid.srcs/sources_1/new/gcd_test.v:93]
CRITICAL WARNING: [Synth 8-3352] multi-driven net OPB_IBUF[24] with 1st driver pin 'OPB_IBUF[24]_inst/O' [/home/ubuntu/work/ic/gcd/euclid/euclid.srcs/sources_1/new/gcd_test.v:23]
CRITICAL WARNING: [Synth 8-3352] multi-driven net OPB_IBUF[24] with 2nd driver pin 'oMuxMod_reg[24]/Q' [/home/ubuntu/work/ic/gcd/euclid/euclid.srcs/sources_1/new/gcd_test.v:93]
CRITICAL WARNING: [Synth 8-3352] multi-driven net OPB_IBUF[23] with 1st driver pin 'OPB_IBUF[23]_inst/O' [/home/ubuntu/work/ic/gcd/euclid/euclid.srcs/sources_1/new/gcd_test.v:23]
CRITICAL WARNING: [Synth 8-3352] multi-driven net OPB_IBUF[23] with 2nd driver pin 'oMuxMod_reg[23]/Q' [/home/ubuntu/work/ic/gcd/euclid/euclid.srcs/sources_1/new/gcd_test.v:93]
CRITICAL WARNING: [Synth 8-3352] multi-driven net OPB_IBUF[22] with 1st driver pin 'OPB_IBUF[22]_inst/O' [/home/ubuntu/work/ic/gcd/euclid/euclid.srcs/sources_1/new/gcd_test.v:23]
CRITICAL WARNING: [Synth 8-3352] multi-driven net OPB_IBUF[22] with 2nd driver pin 'oMuxMod_reg[22]/Q' [/home/ubuntu/work/ic/gcd/euclid/euclid.srcs/sources_1/new/gcd_test.v:93]
CRITICAL WARNING: [Synth 8-3352] multi-driven net OPB_IBUF[21] with 1st driver pin 'OPB_IBUF[21]_inst/O' [/home/ubuntu/work/ic/gcd/euclid/euclid.srcs/sources_1/new/gcd_test.v:23]
CRITICAL WARNING: [Synth 8-3352] multi-driven net OPB_IBUF[21] with 2nd driver pin 'oMuxMod_reg[21]/Q' [/home/ubuntu/work/ic/gcd/euclid/euclid.srcs/sources_1/new/gcd_test.v:93]
CRITICAL WARNING: [Synth 8-3352] multi-driven net OPB_IBUF[20] with 1st driver pin 'OPB_IBUF[20]_inst/O' [/home/ubuntu/work/ic/gcd/euclid/euclid.srcs/sources_1/new/gcd_test.v:23]
CRITICAL WARNING: [Synth 8-3352] multi-driven net OPB_IBUF[20] with 2nd driver pin 'oMuxMod_reg[20]/Q' [/home/ubuntu/work/ic/gcd/euclid/euclid.srcs/sources_1/new/gcd_test.v:93]
CRITICAL WARNING: [Synth 8-3352] multi-driven net OPB_IBUF[19] with 1st driver pin 'OPB_IBUF[19]_inst/O' [/home/ubuntu/work/ic/gcd/euclid/euclid.srcs/sources_1/new/gcd_test.v:23]
CRITICAL WARNING: [Synth 8-3352] multi-driven net OPB_IBUF[19] with 2nd driver pin 'oMuxMod_reg[19]/Q' [/home/ubuntu/work/ic/gcd/euclid/euclid.srcs/sources_1/new/gcd_test.v:93]
CRITICAL WARNING: [Synth 8-3352] multi-driven net OPB_IBUF[18] with 1st driver pin 'OPB_IBUF[18]_inst/O' [/home/ubuntu/work/ic/gcd/euclid/euclid.srcs/sources_1/new/gcd_test.v:23]
CRITICAL WARNING: [Synth 8-3352] multi-driven net OPB_IBUF[18] with 2nd driver pin 'oMuxMod_reg[18]/Q' [/home/ubuntu/work/ic/gcd/euclid/euclid.srcs/sources_1/new/gcd_test.v:93]
CRITICAL WARNING: [Synth 8-3352] multi-driven net OPB_IBUF[17] with 1st driver pin 'OPB_IBUF[17]_inst/O' [/home/ubuntu/work/ic/gcd/euclid/euclid.srcs/sources_1/new/gcd_test.v:23]
CRITICAL WARNING: [Synth 8-3352] multi-driven net OPB_IBUF[17] with 2nd driver pin 'oMuxMod_reg[17]/Q' [/home/ubuntu/work/ic/gcd/euclid/euclid.srcs/sources_1/new/gcd_test.v:93]
CRITICAL WARNING: [Synth 8-3352] multi-driven net OPB_IBUF[16] with 1st driver pin 'OPB_IBUF[16]_inst/O' [/home/ubuntu/work/ic/gcd/euclid/euclid.srcs/sources_1/new/gcd_test.v:23]
CRITICAL WARNING: [Synth 8-3352] multi-driven net OPB_IBUF[16] with 2nd driver pin 'oMuxMod_reg[16]/Q' [/home/ubuntu/work/ic/gcd/euclid/euclid.srcs/sources_1/new/gcd_test.v:93]
CRITICAL WARNING: [Synth 8-3352] multi-driven net OPB_IBUF[15] with 1st driver pin 'OPB_IBUF[15]_inst/O' [/home/ubuntu/work/ic/gcd/euclid/euclid.srcs/sources_1/new/gcd_test.v:23]
CRITICAL WARNING: [Synth 8-3352] multi-driven net OPB_IBUF[15] with 2nd driver pin 'oMuxMod_reg[15]/Q' [/home/ubuntu/work/ic/gcd/euclid/euclid.srcs/sources_1/new/gcd_test.v:93]
CRITICAL WARNING: [Synth 8-3352] multi-driven net OPB_IBUF[14] with 1st driver pin 'OPB_IBUF[14]_inst/O' [/home/ubuntu/work/ic/gcd/euclid/euclid.srcs/sources_1/new/gcd_test.v:23]
CRITICAL WARNING: [Synth 8-3352] multi-driven net OPB_IBUF[14] with 2nd driver pin 'oMuxMod_reg[14]/Q' [/home/ubuntu/work/ic/gcd/euclid/euclid.srcs/sources_1/new/gcd_test.v:93]
CRITICAL WARNING: [Synth 8-3352] multi-driven net OPB_IBUF[13] with 1st driver pin 'OPB_IBUF[13]_inst/O' [/home/ubuntu/work/ic/gcd/euclid/euclid.srcs/sources_1/new/gcd_test.v:23]
CRITICAL WARNING: [Synth 8-3352] multi-driven net OPB_IBUF[13] with 2nd driver pin 'oMuxMod_reg[13]/Q' [/home/ubuntu/work/ic/gcd/euclid/euclid.srcs/sources_1/new/gcd_test.v:93]
CRITICAL WARNING: [Synth 8-3352] multi-driven net OPB_IBUF[12] with 1st driver pin 'OPB_IBUF[12]_inst/O' [/home/ubuntu/work/ic/gcd/euclid/euclid.srcs/sources_1/new/gcd_test.v:23]
CRITICAL WARNING: [Synth 8-3352] multi-driven net OPB_IBUF[12] with 2nd driver pin 'oMuxMod_reg[12]/Q' [/home/ubuntu/work/ic/gcd/euclid/euclid.srcs/sources_1/new/gcd_test.v:93]
CRITICAL WARNING: [Synth 8-3352] multi-driven net OPB_IBUF[11] with 1st driver pin 'OPB_IBUF[11]_inst/O' [/home/ubuntu/work/ic/gcd/euclid/euclid.srcs/sources_1/new/gcd_test.v:23]
CRITICAL WARNING: [Synth 8-3352] multi-driven net OPB_IBUF[11] with 2nd driver pin 'oMuxMod_reg[11]/Q' [/home/ubuntu/work/ic/gcd/euclid/euclid.srcs/sources_1/new/gcd_test.v:93]
CRITICAL WARNING: [Synth 8-3352] multi-driven net OPB_IBUF[10] with 1st driver pin 'OPB_IBUF[10]_inst/O' [/home/ubuntu/work/ic/gcd/euclid/euclid.srcs/sources_1/new/gcd_test.v:23]
CRITICAL WARNING: [Synth 8-3352] multi-driven net OPB_IBUF[10] with 2nd driver pin 'oMuxMod_reg[10]/Q' [/home/ubuntu/work/ic/gcd/euclid/euclid.srcs/sources_1/new/gcd_test.v:93]
CRITICAL WARNING: [Synth 8-3352] multi-driven net OPB_IBUF[9] with 1st driver pin 'OPB_IBUF[9]_inst/O' [/home/ubuntu/work/ic/gcd/euclid/euclid.srcs/sources_1/new/gcd_test.v:23]
CRITICAL WARNING: [Synth 8-3352] multi-driven net OPB_IBUF[9] with 2nd driver pin 'oMuxMod_reg[9]/Q' [/home/ubuntu/work/ic/gcd/euclid/euclid.srcs/sources_1/new/gcd_test.v:93]
CRITICAL WARNING: [Synth 8-3352] multi-driven net OPB_IBUF[8] with 1st driver pin 'OPB_IBUF[8]_inst/O' [/home/ubuntu/work/ic/gcd/euclid/euclid.srcs/sources_1/new/gcd_test.v:23]
CRITICAL WARNING: [Synth 8-3352] multi-driven net OPB_IBUF[8] with 2nd driver pin 'oMuxMod_reg[8]/Q' [/home/ubuntu/work/ic/gcd/euclid/euclid.srcs/sources_1/new/gcd_test.v:93]
CRITICAL WARNING: [Synth 8-3352] multi-driven net OPB_IBUF[7] with 1st driver pin 'OPB_IBUF[7]_inst/O' [/home/ubuntu/work/ic/gcd/euclid/euclid.srcs/sources_1/new/gcd_test.v:23]
CRITICAL WARNING: [Synth 8-3352] multi-driven net OPB_IBUF[7] with 2nd driver pin 'oMuxMod_reg[7]/Q' [/home/ubuntu/work/ic/gcd/euclid/euclid.srcs/sources_1/new/gcd_test.v:93]
CRITICAL WARNING: [Synth 8-3352] multi-driven net OPB_IBUF[6] with 1st driver pin 'OPB_IBUF[6]_inst/O' [/home/ubuntu/work/ic/gcd/euclid/euclid.srcs/sources_1/new/gcd_test.v:23]
CRITICAL WARNING: [Synth 8-3352] multi-driven net OPB_IBUF[6] with 2nd driver pin 'oMuxMod_reg[6]/Q' [/home/ubuntu/work/ic/gcd/euclid/euclid.srcs/sources_1/new/gcd_test.v:93]
CRITICAL WARNING: [Synth 8-3352] multi-driven net OPB_IBUF[5] with 1st driver pin 'OPB_IBUF[5]_inst/O' [/home/ubuntu/work/ic/gcd/euclid/euclid.srcs/sources_1/new/gcd_test.v:23]
CRITICAL WARNING: [Synth 8-3352] multi-driven net OPB_IBUF[5] with 2nd driver pin 'oMuxMod_reg[5]/Q' [/home/ubuntu/work/ic/gcd/euclid/euclid.srcs/sources_1/new/gcd_test.v:93]
CRITICAL WARNING: [Synth 8-3352] multi-driven net OPB_IBUF[4] with 1st driver pin 'OPB_IBUF[4]_inst/O' [/home/ubuntu/work/ic/gcd/euclid/euclid.srcs/sources_1/new/gcd_test.v:23]
CRITICAL WARNING: [Synth 8-3352] multi-driven net OPB_IBUF[4] with 2nd driver pin 'oMuxMod_reg[4]/Q' [/home/ubuntu/work/ic/gcd/euclid/euclid.srcs/sources_1/new/gcd_test.v:93]
CRITICAL WARNING: [Synth 8-3352] multi-driven net OPB_IBUF[3] with 1st driver pin 'OPB_IBUF[3]_inst/O' [/home/ubuntu/work/ic/gcd/euclid/euclid.srcs/sources_1/new/gcd_test.v:23]
CRITICAL WARNING: [Synth 8-3352] multi-driven net OPB_IBUF[3] with 2nd driver pin 'oMuxMod_reg[3]/Q' [/home/ubuntu/work/ic/gcd/euclid/euclid.srcs/sources_1/new/gcd_test.v:93]
CRITICAL WARNING: [Synth 8-3352] multi-driven net OPB_IBUF[2] with 1st driver pin 'OPB_IBUF[2]_inst/O' [/home/ubuntu/work/ic/gcd/euclid/euclid.srcs/sources_1/new/gcd_test.v:23]
CRITICAL WARNING: [Synth 8-3352] multi-driven net OPB_IBUF[2] with 2nd driver pin 'oMuxMod_reg[2]/Q' [/home/ubuntu/work/ic/gcd/euclid/euclid.srcs/sources_1/new/gcd_test.v:93]
CRITICAL WARNING: [Synth 8-3352] multi-driven net OPB_IBUF[1] with 1st driver pin 'OPB_IBUF[1]_inst/O' [/home/ubuntu/work/ic/gcd/euclid/euclid.srcs/sources_1/new/gcd_test.v:23]
CRITICAL WARNING: [Synth 8-3352] multi-driven net OPB_IBUF[1] with 2nd driver pin 'oMuxMod_reg[1]/Q' [/home/ubuntu/work/ic/gcd/euclid/euclid.srcs/sources_1/new/gcd_test.v:93]
CRITICAL WARNING: [Synth 8-3352] multi-driven net OPB_IBUF[0] with 1st driver pin 'OPB_IBUF[0]_inst/O' [/home/ubuntu/work/ic/gcd/euclid/euclid.srcs/sources_1/new/gcd_test.v:23]
CRITICAL WARNING: [Synth 8-3352] multi-driven net OPB_IBUF[0] with 2nd driver pin 'oMuxMod_reg[0]/Q' [/home/ubuntu/work/ic/gcd/euclid/euclid.srcs/sources_1/new/gcd_test.v:93]
CRITICAL WARNING: [Synth 8-3352] multi-driven net RESULT_OBUF[31] with 1st driver pin 'OPA_IBUF[31]_inst/O' [/home/ubuntu/work/ic/gcd/euclid/euclid.srcs/sources_1/new/gcd_test.v:23]
CRITICAL WARNING: [Synth 8-3352] multi-driven net RESULT_OBUF[31] with 2nd driver pin 'oMuxDiv_reg[31]/Q' [/home/ubuntu/work/ic/gcd/euclid/euclid.srcs/sources_1/new/gcd_test.v:92]
CRITICAL WARNING: [Synth 8-3352] multi-driven net RESULT_OBUF[30] with 1st driver pin 'OPA_IBUF[30]_inst/O' [/home/ubuntu/work/ic/gcd/euclid/euclid.srcs/sources_1/new/gcd_test.v:23]
CRITICAL WARNING: [Synth 8-3352] multi-driven net RESULT_OBUF[30] with 2nd driver pin 'oMuxDiv_reg[30]/Q' [/home/ubuntu/work/ic/gcd/euclid/euclid.srcs/sources_1/new/gcd_test.v:92]
CRITICAL WARNING: [Synth 8-3352] multi-driven net RESULT_OBUF[29] with 1st driver pin 'OPA_IBUF[29]_inst/O' [/home/ubuntu/work/ic/gcd/euclid/euclid.srcs/sources_1/new/gcd_test.v:23]
CRITICAL WARNING: [Synth 8-3352] multi-driven net RESULT_OBUF[29] with 2nd driver pin 'oMuxDiv_reg[29]/Q' [/home/ubuntu/work/ic/gcd/euclid/euclid.srcs/sources_1/new/gcd_test.v:92]
CRITICAL WARNING: [Synth 8-3352] multi-driven net RESULT_OBUF[28] with 1st driver pin 'OPA_IBUF[28]_inst/O' [/home/ubuntu/work/ic/gcd/euclid/euclid.srcs/sources_1/new/gcd_test.v:23]
CRITICAL WARNING: [Synth 8-3352] multi-driven net RESULT_OBUF[28] with 2nd driver pin 'oMuxDiv_reg[28]/Q' [/home/ubuntu/work/ic/gcd/euclid/euclid.srcs/sources_1/new/gcd_test.v:92]
CRITICAL WARNING: [Synth 8-3352] multi-driven net RESULT_OBUF[27] with 1st driver pin 'OPA_IBUF[27]_inst/O' [/home/ubuntu/work/ic/gcd/euclid/euclid.srcs/sources_1/new/gcd_test.v:23]
CRITICAL WARNING: [Synth 8-3352] multi-driven net RESULT_OBUF[27] with 2nd driver pin 'oMuxDiv_reg[27]/Q' [/home/ubuntu/work/ic/gcd/euclid/euclid.srcs/sources_1/new/gcd_test.v:92]
CRITICAL WARNING: [Synth 8-3352] multi-driven net RESULT_OBUF[26] with 1st driver pin 'OPA_IBUF[26]_inst/O' [/home/ubuntu/work/ic/gcd/euclid/euclid.srcs/sources_1/new/gcd_test.v:23]
CRITICAL WARNING: [Synth 8-3352] multi-driven net RESULT_OBUF[26] with 2nd driver pin 'oMuxDiv_reg[26]/Q' [/home/ubuntu/work/ic/gcd/euclid/euclid.srcs/sources_1/new/gcd_test.v:92]
CRITICAL WARNING: [Synth 8-3352] multi-driven net RESULT_OBUF[25] with 1st driver pin 'OPA_IBUF[25]_inst/O' [/home/ubuntu/work/ic/gcd/euclid/euclid.srcs/sources_1/new/gcd_test.v:23]
CRITICAL WARNING: [Synth 8-3352] multi-driven net RESULT_OBUF[25] with 2nd driver pin 'oMuxDiv_reg[25]/Q' [/home/ubuntu/work/ic/gcd/euclid/euclid.srcs/sources_1/new/gcd_test.v:92]
CRITICAL WARNING: [Synth 8-3352] multi-driven net RESULT_OBUF[24] with 1st driver pin 'OPA_IBUF[24]_inst/O' [/home/ubuntu/work/ic/gcd/euclid/euclid.srcs/sources_1/new/gcd_test.v:23]
CRITICAL WARNING: [Synth 8-3352] multi-driven net RESULT_OBUF[24] with 2nd driver pin 'oMuxDiv_reg[24]/Q' [/home/ubuntu/work/ic/gcd/euclid/euclid.srcs/sources_1/new/gcd_test.v:92]
CRITICAL WARNING: [Synth 8-3352] multi-driven net RESULT_OBUF[23] with 1st driver pin 'OPA_IBUF[23]_inst/O' [/home/ubuntu/work/ic/gcd/euclid/euclid.srcs/sources_1/new/gcd_test.v:23]
CRITICAL WARNING: [Synth 8-3352] multi-driven net RESULT_OBUF[23] with 2nd driver pin 'oMuxDiv_reg[23]/Q' [/home/ubuntu/work/ic/gcd/euclid/euclid.srcs/sources_1/new/gcd_test.v:92]
CRITICAL WARNING: [Synth 8-3352] multi-driven net RESULT_OBUF[22] with 1st driver pin 'OPA_IBUF[22]_inst/O' [/home/ubuntu/work/ic/gcd/euclid/euclid.srcs/sources_1/new/gcd_test.v:23]
CRITICAL WARNING: [Synth 8-3352] multi-driven net RESULT_OBUF[22] with 2nd driver pin 'oMuxDiv_reg[22]/Q' [/home/ubuntu/work/ic/gcd/euclid/euclid.srcs/sources_1/new/gcd_test.v:92]
CRITICAL WARNING: [Synth 8-3352] multi-driven net RESULT_OBUF[21] with 1st driver pin 'OPA_IBUF[21]_inst/O' [/home/ubuntu/work/ic/gcd/euclid/euclid.srcs/sources_1/new/gcd_test.v:23]
CRITICAL WARNING: [Synth 8-3352] multi-driven net RESULT_OBUF[21] with 2nd driver pin 'oMuxDiv_reg[21]/Q' [/home/ubuntu/work/ic/gcd/euclid/euclid.srcs/sources_1/new/gcd_test.v:92]
CRITICAL WARNING: [Synth 8-3352] multi-driven net RESULT_OBUF[20] with 1st driver pin 'OPA_IBUF[20]_inst/O' [/home/ubuntu/work/ic/gcd/euclid/euclid.srcs/sources_1/new/gcd_test.v:23]
CRITICAL WARNING: [Synth 8-3352] multi-driven net RESULT_OBUF[20] with 2nd driver pin 'oMuxDiv_reg[20]/Q' [/home/ubuntu/work/ic/gcd/euclid/euclid.srcs/sources_1/new/gcd_test.v:92]
CRITICAL WARNING: [Synth 8-3352] multi-driven net RESULT_OBUF[19] with 1st driver pin 'OPA_IBUF[19]_inst/O' [/home/ubuntu/work/ic/gcd/euclid/euclid.srcs/sources_1/new/gcd_test.v:23]
CRITICAL WARNING: [Synth 8-3352] multi-driven net RESULT_OBUF[19] with 2nd driver pin 'oMuxDiv_reg[19]/Q' [/home/ubuntu/work/ic/gcd/euclid/euclid.srcs/sources_1/new/gcd_test.v:92]
CRITICAL WARNING: [Synth 8-3352] multi-driven net RESULT_OBUF[18] with 1st driver pin 'OPA_IBUF[18]_inst/O' [/home/ubuntu/work/ic/gcd/euclid/euclid.srcs/sources_1/new/gcd_test.v:23]
CRITICAL WARNING: [Synth 8-3352] multi-driven net RESULT_OBUF[18] with 2nd driver pin 'oMuxDiv_reg[18]/Q' [/home/ubuntu/work/ic/gcd/euclid/euclid.srcs/sources_1/new/gcd_test.v:92]
CRITICAL WARNING: [Synth 8-3352] multi-driven net RESULT_OBUF[17] with 1st driver pin 'OPA_IBUF[17]_inst/O' [/home/ubuntu/work/ic/gcd/euclid/euclid.srcs/sources_1/new/gcd_test.v:23]
CRITICAL WARNING: [Synth 8-3352] multi-driven net RESULT_OBUF[17] with 2nd driver pin 'oMuxDiv_reg[17]/Q' [/home/ubuntu/work/ic/gcd/euclid/euclid.srcs/sources_1/new/gcd_test.v:92]
CRITICAL WARNING: [Synth 8-3352] multi-driven net RESULT_OBUF[16] with 1st driver pin 'OPA_IBUF[16]_inst/O' [/home/ubuntu/work/ic/gcd/euclid/euclid.srcs/sources_1/new/gcd_test.v:23]
CRITICAL WARNING: [Synth 8-3352] multi-driven net RESULT_OBUF[16] with 2nd driver pin 'oMuxDiv_reg[16]/Q' [/home/ubuntu/work/ic/gcd/euclid/euclid.srcs/sources_1/new/gcd_test.v:92]
CRITICAL WARNING: [Synth 8-3352] multi-driven net RESULT_OBUF[15] with 1st driver pin 'OPA_IBUF[15]_inst/O' [/home/ubuntu/work/ic/gcd/euclid/euclid.srcs/sources_1/new/gcd_test.v:23]
CRITICAL WARNING: [Synth 8-3352] multi-driven net RESULT_OBUF[15] with 2nd driver pin 'oMuxDiv_reg[15]/Q' [/home/ubuntu/work/ic/gcd/euclid/euclid.srcs/sources_1/new/gcd_test.v:92]
CRITICAL WARNING: [Synth 8-3352] multi-driven net RESULT_OBUF[14] with 1st driver pin 'OPA_IBUF[14]_inst/O' [/home/ubuntu/work/ic/gcd/euclid/euclid.srcs/sources_1/new/gcd_test.v:23]
CRITICAL WARNING: [Synth 8-3352] multi-driven net RESULT_OBUF[14] with 2nd driver pin 'oMuxDiv_reg[14]/Q' [/home/ubuntu/work/ic/gcd/euclid/euclid.srcs/sources_1/new/gcd_test.v:92]
INFO: [Common 17-14] Message 'Synth 8-3352' appears 100 times and further instances of the messages will be disabled. Use the Tcl command set_msg_config to change the current settings.

Report Check Netlist: 
+------+------------------+-------+---------+-------+------------------+
|      |Item              |Errors |Warnings |Status |Description       |
+------+------------------+-------+---------+-------+------------------+
|1     |multi_driven_nets |      0|       64|Failed |Multi driven nets |
+------+------------------+-------+---------+-------+------------------+
---------------------------------------------------------------------------------
Start Renaming Generated Instances
---------------------------------------------------------------------------------
---------------------------------------------------------------------------------
Finished Renaming Generated Instances : Time (s): cpu = 00:00:44 ; elapsed = 00:00:59 . Memory (MB): peak = 1845.047 ; gain = 612.727 ; free physical = 1691 ; free virtual = 13526
---------------------------------------------------------------------------------

Report RTL Partitions: 
+-+--------------+------------+----------+
| |RTL Partition |Replication |Instances |
+-+--------------+------------+----------+
+-+--------------+------------+----------+
---------------------------------------------------------------------------------
Start Rebuilding User Hierarchy
---------------------------------------------------------------------------------
---------------------------------------------------------------------------------
Finished Rebuilding User Hierarchy : Time (s): cpu = 00:00:44 ; elapsed = 00:00:59 . Memory (MB): peak = 1845.047 ; gain = 612.727 ; free physical = 1691 ; free virtual = 13526
---------------------------------------------------------------------------------
---------------------------------------------------------------------------------
Start Renaming Generated Ports
---------------------------------------------------------------------------------
---------------------------------------------------------------------------------
Finished Renaming Generated Ports : Time (s): cpu = 00:00:44 ; elapsed = 00:00:59 . Memory (MB): peak = 1845.047 ; gain = 612.727 ; free physical = 1691 ; free virtual = 13526
---------------------------------------------------------------------------------
---------------------------------------------------------------------------------
Start Handling Custom Attributes
---------------------------------------------------------------------------------
---------------------------------------------------------------------------------
Finished Handling Custom Attributes : Time (s): cpu = 00:00:44 ; elapsed = 00:00:59 . Memory (MB): peak = 1845.047 ; gain = 612.727 ; free physical = 1691 ; free virtual = 13526
---------------------------------------------------------------------------------
---------------------------------------------------------------------------------
Start Renaming Generated Nets
---------------------------------------------------------------------------------
---------------------------------------------------------------------------------
Finished Renaming Generated Nets : Time (s): cpu = 00:00:44 ; elapsed = 00:00:59 . Memory (MB): peak = 1845.047 ; gain = 612.727 ; free physical = 1691 ; free virtual = 13526
---------------------------------------------------------------------------------
---------------------------------------------------------------------------------
Start Writing Synthesis Report
---------------------------------------------------------------------------------

Report BlackBoxes: 
+-+--------------+----------+
| |BlackBox name |Instances |
+-+--------------+----------+
+-+--------------+----------+

Report Cell Usage: 
+------+-------+------+
|      |Cell   |Count |
+------+-------+------+
|1     |BUFG   |     1|
|2     |CARRY4 |   140|
|3     |LUT2   |    29|
|4     |LUT3   |    94|
|5     |LUT4   |    76|
|6     |LUT5   |   599|
|7     |LUT6   |   916|
|8     |MUXF7  |     8|
|9     |FDRE   |    64|
|10    |IBUF   |    65|
|11    |OBUF   |    32|
|12    |OBUFT  |     1|
+------+-------+------+

Report Instance Areas: 
+------+---------+-------+------+
|      |Instance |Module |Cells |
+------+---------+-------+------+
|1     |top      |       |  2025|
+------+---------+-------+------+
---------------------------------------------------------------------------------
Finished Writing Synthesis Report : Time (s): cpu = 00:00:44 ; elapsed = 00:00:59 . Memory (MB): peak = 1845.047 ; gain = 612.727 ; free physical = 1691 ; free virtual = 13526
---------------------------------------------------------------------------------
Synthesis finished with 0 errors, 128 critical warnings and 3 warnings.
Synthesis Optimization Runtime : Time (s): cpu = 00:00:37 ; elapsed = 00:00:40 . Memory (MB): peak = 1845.047 ; gain = 270.672 ; free physical = 1751 ; free virtual = 13586
Synthesis Optimization Complete : Time (s): cpu = 00:00:44 ; elapsed = 00:00:59 . Memory (MB): peak = 1845.055 ; gain = 612.727 ; free physical = 1751 ; free virtual = 13586
INFO: [Project 1-571] Translating synthesized netlist
INFO: [Netlist 29-17] Analyzing 213 Unisim elements for replacement
INFO: [Netlist 29-28] Unisim Transformation completed in 0 CPU seconds
WARNING: [Netlist 29-101] Netlist 'gcd_test' is not ideal for floorplanning, since the cellview 'gcd_test' contains a large number of primitives.  Please consider enabling hierarchy in synthesis if you want to do floorplanning.
INFO: [Project 1-570] Preparing netlist for logic optimization
INFO: [Opt 31-138] Pushed 0 inverter(s) to 0 load pin(s).
INFO: [Project 1-111] Unisim Transformation Summary:
No Unisim elements were transformed.

INFO: [Common 17-83] Releasing license: Synthesis
17 Infos, 8 Warnings, 100 Critical Warnings and 0 Errors encountered.
synth_design completed successfully
synth_design: Time (s): cpu = 00:00:46 ; elapsed = 00:01:01 . Memory (MB): peak = 1845.055 ; gain = 624.414 ; free physical = 1793 ; free virtual = 13628
WARNING: [Constraints 18-5210] No constraint will be written out.
INFO: [Common 17-1381] The checkpoint '/home/ubuntu/work/ic/gcd/euclid/euclid.runs/synth_1/gcd_test.dcp' has been generated.
INFO: [runtcl-4] Executing : report_utilization -file gcd_test_utilization_synth.rpt -pb gcd_test_utilization_synth.pb
report_utilization: Time (s): cpu = 00:00:00.10 ; elapsed = 00:00:00.12 . Memory (MB): peak = 1869.059 ; gain = 0.000 ; free physical = 1791 ; free virtual = 13627
INFO: [Common 17-206] Exiting Vivado at Mon Nov  2 15:21:25 2020...
